Base path: D:/Program Files/Unity/Editor/Data
Pipe name: \\.\pipe\UnityShaderCompiler-64bit-1-8144
Cmd: getPlatforms
Cmd: compileSnippet
  api=1 type=0 insize=1095 outsize=340 kw= ok=1
Cmd: compileSnippet
  api=8 type=0 insize=1095 outsize=2535 kw= ok=1
Cmd: compileSnippet
  api=1 type=1 insize=1095 outsize=30 kw= ok=1
Cmd: compileSnippet
  api=0 type=0 insize=1271 outsize=806 kw= ok=1
Cmd: compileSnippet
  api=0 type=1 insize=1271 outsize=6 kw= ok=1
Cmd: compileSnippet
  api=8 type=1 insize=1271 outsize=1520 kw= ok=1
Cmd: compileSnippet
  api=0 type=0 insize=6961 outsize=2230 kw=DIRECTIONAL SHADOWS_OFF LIGHTMAP_OFF DIRLIGHTMAP_OFF DYNAMICLIGHTMAP_OFF ok=1
Cmd: compileSnippet
  api=1 type=0 insize=6961 outsize=468 kw=DIRECTIONAL SHADOWS_OFF LIGHTMAP_OFF DIRLIGHTMAP_OFF DYNAMICLIGHTMAP_ON ok=1
Cmd: compileSnippet
  api=4 type=0 insize=6961 outsize=2777 kw=DIRECTIONAL SHADOWS_OFF LIGHTMAP_OFF DIRLIGHTMAP_OFF DYNAMICLIGHTMAP_ON ok=1
Cmd: compileSnippet
  api=0 type=0 insize=6961 outsize=2701 kw=DIRECTIONAL SHADOWS_SCREEN LIGHTMAP_OFF DIRLIGHTMAP_OFF DYNAMICLIGHTMAP_OFF ok=1
Cmd: compileSnippet
  api=1 type=0 insize=6961 outsize=620 kw=DIRECTIONAL SHADOWS_SCREEN LIGHTMAP_OFF DIRLIGHTMAP_OFF DYNAMICLIGHTMAP_ON ok=1
Cmd: compileSnippet
  api=4 type=0 insize=6961 outsize=3167 kw=DIRECTIONAL SHADOWS_SCREEN LIGHTMAP_OFF DIRLIGHTMAP_OFF DYNAMICLIGHTMAP_ON ok=1
Cmd: compileSnippet
  api=0 type=0 insize=6961 outsize=3239 kw=DIRECTIONAL SHADOWS_OFF LIGHTMAP_OFF DIRLIGHTMAP_OFF DYNAMICLIGHTMAP_OFF VERTEXLIGHT_ON ok=1
Cmd: compileSnippet
  api=0 type=0 insize=6961 outsize=3088 kw=DIRECTIONAL SHADOWS_OFF LIGHTMAP_OFF DIRLIGHTMAP_OFF DYNAMICLIGHTMAP_ON VERTEXLIGHT_ON ok=1
Cmd: compileSnippet
  api=1 type=0 insize=6961 outsize=1199 kw=DIRECTIONAL SHADOWS_SCREEN LIGHTMAP_OFF DIRLIGHTMAP_OFF DYNAMICLIGHTMAP_OFF VERTEXLIGHT_ON ok=1
Cmd: compileSnippet
  api=4 type=0 insize=6961 outsize=5377 kw=DIRECTIONAL SHADOWS_SCREEN LIGHTMAP_OFF DIRLIGHTMAP_OFF DYNAMICLIGHTMAP_OFF VERTEXLIGHT_ON ok=1
Cmd: compileSnippet
  api=0 type=0 insize=6961 outsize=3564 kw=DIRECTIONAL SHADOWS_SCREEN LIGHTMAP_OFF DIRLIGHTMAP_OFF DYNAMICLIGHTMAP_ON VERTEXLIGHT_ON ok=1
Cmd: compileSnippet
  api=0 type=1 insize=6961 outsize=6 kw=DIRECTIONAL SHADOWS_OFF LIGHTMAP_OFF DIRLIGHTMAP_OFF DYNAMICLIGHTMAP_OFF ok=1
Cmd: compileSnippet
  api=8 type=1 insize=6961 outsize=2194 kw=DIRECTIONAL SHADOWS_OFF LIGHTMAP_OFF DIRLIGHTMAP_OFF DYNAMICLIGHTMAP_OFF ok=1
Cmd: compileSnippet
  api=4 type=1 insize=6961 outsize=1997 kw=DIRECTIONAL SHADOWS_OFF LIGHTMAP_OFF DIRLIGHTMAP_OFF DYNAMICLIGHTMAP_ON ok=1
Cmd: compileSnippet
  api=4 type=1 insize=6961 outsize=1770 kw=DIRECTIONAL SHADOWS_SCREEN LIGHTMAP_OFF DIRLIGHTMAP_OFF DYNAMICLIGHTMAP_OFF ok=1
Cmd: compileSnippet
  api=4 type=1 insize=6961 outsize=2314 kw=DIRECTIONAL SHADOWS_SCREEN LIGHTMAP_OFF DIRLIGHTMAP_OFF DYNAMICLIGHTMAP_ON ok=1
Cmd: compileSnippet
  api=0 type=0 insize=3932 outsize=1800 kw=POINT ok=1
Cmd: compileSnippet
  api=1 type=0 insize=3932 outsize=339 kw=DIRECTIONAL ok=1
Cmd: compileSnippet
  api=8 type=0 insize=3932 outsize=3876 kw=DIRECTIONAL ok=1
Cmd: compileSnippet
  api=1 type=0 insize=3932 outsize=339 kw=SPOT ok=1
Cmd: compileSnippet
  api=4 type=0 insize=3932 outsize=2737 kw=SPOT ok=1
Cmd: compileSnippet
  api=8 type=0 insize=3932 outsize=3876 kw=SPOT ok=1
Cmd: compileSnippet
  api=0 type=0 insize=3932 outsize=1891 kw=POINT_COOKIE ok=1
Cmd: compileSnippet
  api=1 type=0 insize=3932 outsize=339 kw=DIRECTIONAL_COOKIE ok=1
Cmd: compileSnippet
  api=4 type=0 insize=3932 outsize=2737 kw=DIRECTIONAL_COOKIE ok=1
Cmd: compileSnippet
  api=8 type=0 insize=3932 outsize=3876 kw=DIRECTIONAL_COOKIE ok=1
Cmd: compileSnippet
  api=0 type=1 insize=3932 outsize=6 kw=POINT ok=1
Cmd: compileSnippet
  api=8 type=1 insize=3932 outsize=3169 kw=POINT ok=1
Cmd: compileSnippet
  api=0 type=1 insize=3932 outsize=6 kw=SPOT ok=1
Cmd: compileSnippet
  api=1 type=1 insize=3932 outsize=647 kw=SPOT ok=1
Cmd: compileSnippet
  api=8 type=1 insize=3932 outsize=3811 kw=SPOT ok=1
Cmd: compileSnippet
  api=8 type=1 insize=3932 outsize=3421 kw=POINT_COOKIE ok=1
Cmd: compileSnippet
  api=4 type=1 insize=3932 outsize=1859 kw=DIRECTIONAL_COOKIE ok=1
Cmd: compileSnippet
  api=0 type=0 insize=3350 outsize=2261 kw= ok=1
Cmd: compileSnippet
  api=0 type=1 insize=3350 outsize=6 kw= ok=1
Cmd: compileSnippet
  api=8 type=1 insize=3350 outsize=1983 kw= ok=1
Cmd: compileSnippet
  api=0 type=0 insize=1277 outsize=731 kw= ok=1
Cmd: compileSnippet
  api=0 type=1 insize=1277 outsize=6 kw= ok=1
